<?xml version="1.0" encoding="UTF-8"?>
<!-- Generated by org.testng.reporters.JUnitReportReporter -->
<testsuite hostname="EPINPUNW0958" failures="0" tests="1" name="Subtask1.PaymentTest" time="1.819" errors="0" timestamp="2025-06-13T15:01:40 IST" skipped="0">
  <testcase classname="Subtask1.PaymentTest" name="testPaymentProcess" time="1.819"/>
</testsuite> <!-- Subtask1.PaymentTest -->
