<?xml version="1.0" encoding="UTF-8"?>
<!-- Generated by org.testng.reporters.JUnitReportReporter -->
<testsuite hostname="EPINPUNW0958" failures="0" tests="1" name="Subtask1.LoginUITest" time="1.892" errors="0" timestamp="2025-06-13T15:01:40 IST" skipped="0">
  <testcase classname="Subtask1.LoginUITest" name="testLoginPage" time="1.892"/>
</testsuite> <!-- Subtask1.LoginUITest -->
